Determining if the pthread_create exist failed with the following output:
Change Dir: /home/shoh/cubic_code/build/cubic_code/CMakeFiles/CMakeTmp

Run Build Command:"/usr/bin/make" "cmTC_1280b/fast"
/usr/bin/make -f CMakeFiles/cmTC_1280b.dir/build.make CMakeFiles/cmTC_1280b.dir/build
make[1]: ディレクトリ '/home/shoh/cubic_code/build/cubic_code/CMakeFiles/CMakeTmp' に入ります
Building C object CMakeFiles/cmTC_1280b.dir/CheckSymbolExists.c.o
/usr/bin/cc    -o CMakeFiles/cmTC_1280b.dir/CheckSymbolExists.c.o   -c /home/shoh/cubic_code/build/cubic_code/CMakeFiles/CMakeTmp/CheckSymbolExists.c
Linking C executable cmTC_1280b
/usr/bin/cmake -E cmake_link_script CMakeFiles/cmTC_1280b.dir/link.txt --verbose=1
/usr/bin/cc      -rdynamic CMakeFiles/cmTC_1280b.dir/CheckSymbolExists.c.o  -o cmTC_1280b 
CMakeFiles/cmTC_1280b.dir/CheckSymbolExists.c.o: 関数 `main' 内:
CheckSymbolExists.c:(.text+0x1b): `pthread_create' に対する定義されていない参照です
collect2: error: ld returned 1 exit status
CMakeFiles/cmTC_1280b.dir/build.make:97: recipe for target 'cmTC_1280b' failed
make[1]: *** [cmTC_1280b] Error 1
make[1]: ディレクトリ '/home/shoh/cubic_code/build/cubic_code/CMakeFiles/CMakeTmp' から出ます
Makefile:126: recipe for target 'cmTC_1280b/fast' failed
make: *** [cmTC_1280b/fast] Error 2

File /home/shoh/cubic_code/build/cubic_code/CMakeFiles/CMakeTmp/CheckSymbolExists.c:
/* */
#include <pthread.h>

int main(int argc, char** argv)
{
  (void)argv;
#ifndef pthread_create
  return ((int*)(&pthread_create))[argc];
#else
  (void)argc;
  return 0;
#endif
}

Determining if the function pthread_create exists in the pthreads failed with the following output:
Change Dir: /home/shoh/cubic_code/build/cubic_code/CMakeFiles/CMakeTmp

Run Build Command:"/usr/bin/make" "cmTC_5e0f0/fast"
/usr/bin/make -f CMakeFiles/cmTC_5e0f0.dir/build.make CMakeFiles/cmTC_5e0f0.dir/build
make[1]: ディレクトリ '/home/shoh/cubic_code/build/cubic_code/CMakeFiles/CMakeTmp' に入ります
Building C object CMakeFiles/cmTC_5e0f0.dir/CheckFunctionExists.c.o
/usr/bin/cc   -DCHECK_FUNCTION_EXISTS=pthread_create   -o CMakeFiles/cmTC_5e0f0.dir/CheckFunctionExists.c.o   -c /usr/share/cmake-3.10/Modules/CheckFunctionExists.c
Linking C executable cmTC_5e0f0
/usr/bin/cmake -E cmake_link_script CMakeFiles/cmTC_5e0f0.dir/link.txt --verbose=1
/usr/bin/cc  -DCHECK_FUNCTION_EXISTS=pthread_create    -rdynamic CMakeFiles/cmTC_5e0f0.dir/CheckFunctionExists.c.o  -o cmTC_5e0f0 -lpthreads 
/usr/bin/ld: -lpthreads が見つかりません
collect2: error: ld returned 1 exit status
CMakeFiles/cmTC_5e0f0.dir/build.make:97: recipe for target 'cmTC_5e0f0' failed
make[1]: *** [cmTC_5e0f0] Error 1
make[1]: ディレクトリ '/home/shoh/cubic_code/build/cubic_code/CMakeFiles/CMakeTmp' から出ます
Makefile:126: recipe for target 'cmTC_5e0f0/fast' failed
make: *** [cmTC_5e0f0/fast] Error 2


