Determining if the pthread_create exist failed with the following output:
Change Dir: /home/shoh/cubic_code/build/catkin_tools_prebuild/CMakeFiles/CMakeTmp

Run Build Command:"/usr/bin/make" "cmTC_70aae/fast"
/usr/bin/make -f CMakeFiles/cmTC_70aae.dir/build.make CMakeFiles/cmTC_70aae.dir/build
make[1]: ディレクトリ '/home/shoh/cubic_code/build/catkin_tools_prebuild/CMakeFiles/CMakeTmp' に入ります
Building C object CMakeFiles/cmTC_70aae.dir/CheckSymbolExists.c.o
/usr/bin/cc    -o CMakeFiles/cmTC_70aae.dir/CheckSymbolExists.c.o   -c /home/shoh/cubic_code/build/catkin_tools_prebuild/CMakeFiles/CMakeTmp/CheckSymbolExists.c
Linking C executable cmTC_70aae
/usr/bin/cmake -E cmake_link_script CMakeFiles/cmTC_70aae.dir/link.txt --verbose=1
/usr/bin/cc      -rdynamic CMakeFiles/cmTC_70aae.dir/CheckSymbolExists.c.o  -o cmTC_70aae 
CMakeFiles/cmTC_70aae.dir/CheckSymbolExists.c.o: 関数 `main' 内:
CheckSymbolExists.c:(.text+0x1b): `pthread_create' に対する定義されていない参照です
collect2: error: ld returned 1 exit status
CMakeFiles/cmTC_70aae.dir/build.make:97: recipe for target 'cmTC_70aae' failed
make[1]: *** [cmTC_70aae] Error 1
make[1]: ディレクトリ '/home/shoh/cubic_code/build/catkin_tools_prebuild/CMakeFiles/CMakeTmp' から出ます
Makefile:126: recipe for target 'cmTC_70aae/fast' failed
make: *** [cmTC_70aae/fast] Error 2

File /home/shoh/cubic_code/build/catkin_tools_prebuild/CMakeFiles/CMakeTmp/CheckSymbolExists.c:
/* */
#include <pthread.h>

int main(int argc, char** argv)
{
  (void)argv;
#ifndef pthread_create
  return ((int*)(&pthread_create))[argc];
#else
  (void)argc;
  return 0;
#endif
}

Determining if the function pthread_create exists in the pthreads failed with the following output:
Change Dir: /home/shoh/cubic_code/build/catkin_tools_prebuild/CMakeFiles/CMakeTmp

Run Build Command:"/usr/bin/make" "cmTC_4a1cc/fast"
/usr/bin/make -f CMakeFiles/cmTC_4a1cc.dir/build.make CMakeFiles/cmTC_4a1cc.dir/build
make[1]: ディレクトリ '/home/shoh/cubic_code/build/catkin_tools_prebuild/CMakeFiles/CMakeTmp' に入ります
Building C object CMakeFiles/cmTC_4a1cc.dir/CheckFunctionExists.c.o
/usr/bin/cc   -DCHECK_FUNCTION_EXISTS=pthread_create   -o CMakeFiles/cmTC_4a1cc.dir/CheckFunctionExists.c.o   -c /usr/share/cmake-3.10/Modules/CheckFunctionExists.c
Linking C executable cmTC_4a1cc
/usr/bin/cmake -E cmake_link_script CMakeFiles/cmTC_4a1cc.dir/link.txt --verbose=1
/usr/bin/cc  -DCHECK_FUNCTION_EXISTS=pthread_create    -rdynamic CMakeFiles/cmTC_4a1cc.dir/CheckFunctionExists.c.o  -o cmTC_4a1cc -lpthreads 
/usr/bin/ld: -lpthreads が見つかりません
collect2: error: ld returned 1 exit status
CMakeFiles/cmTC_4a1cc.dir/build.make:97: recipe for target 'cmTC_4a1cc' failed
make[1]: *** [cmTC_4a1cc] Error 1
make[1]: ディレクトリ '/home/shoh/cubic_code/build/catkin_tools_prebuild/CMakeFiles/CMakeTmp' から出ます
Makefile:126: recipe for target 'cmTC_4a1cc/fast' failed
make: *** [cmTC_4a1cc/fast] Error 2


