Determining if the pthread_create exist failed with the following output:
Change Dir: /home/shoh/cubic_code/build/pwm/CMakeFiles/CMakeTmp

Run Build Command:"/usr/bin/make" "cmTC_bef92/fast"
/usr/bin/make -f CMakeFiles/cmTC_bef92.dir/build.make CMakeFiles/cmTC_bef92.dir/build
make[1]: ディレクトリ '/home/shoh/cubic_code/build/pwm/CMakeFiles/CMakeTmp' に入ります
Building C object CMakeFiles/cmTC_bef92.dir/CheckSymbolExists.c.o
/usr/bin/cc    -o CMakeFiles/cmTC_bef92.dir/CheckSymbolExists.c.o   -c /home/shoh/cubic_code/build/pwm/CMakeFiles/CMakeTmp/CheckSymbolExists.c
Linking C executable cmTC_bef92
/usr/bin/cmake -E cmake_link_script CMakeFiles/cmTC_bef92.dir/link.txt --verbose=1
/usr/bin/cc      -rdynamic CMakeFiles/cmTC_bef92.dir/CheckSymbolExists.c.o  -o cmTC_bef92 
CMakeFiles/cmTC_bef92.dir/CheckSymbolExists.c.o: 関数 `main' 内:
CheckSymbolExists.c:(.text+0x1b): `pthread_create' に対する定義されていない参照です
collect2: error: ld returned 1 exit status
CMakeFiles/cmTC_bef92.dir/build.make:97: recipe for target 'cmTC_bef92' failed
make[1]: *** [cmTC_bef92] Error 1
make[1]: ディレクトリ '/home/shoh/cubic_code/build/pwm/CMakeFiles/CMakeTmp' から出ます
Makefile:126: recipe for target 'cmTC_bef92/fast' failed
make: *** [cmTC_bef92/fast] Error 2

File /home/shoh/cubic_code/build/pwm/CMakeFiles/CMakeTmp/CheckSymbolExists.c:
/* */
#include <pthread.h>

int main(int argc, char** argv)
{
  (void)argv;
#ifndef pthread_create
  return ((int*)(&pthread_create))[argc];
#else
  (void)argc;
  return 0;
#endif
}

Determining if the function pthread_create exists in the pthreads failed with the following output:
Change Dir: /home/shoh/cubic_code/build/pwm/CMakeFiles/CMakeTmp

Run Build Command:"/usr/bin/make" "cmTC_5f857/fast"
/usr/bin/make -f CMakeFiles/cmTC_5f857.dir/build.make CMakeFiles/cmTC_5f857.dir/build
make[1]: ディレクトリ '/home/shoh/cubic_code/build/pwm/CMakeFiles/CMakeTmp' に入ります
Building C object CMakeFiles/cmTC_5f857.dir/CheckFunctionExists.c.o
/usr/bin/cc   -DCHECK_FUNCTION_EXISTS=pthread_create   -o CMakeFiles/cmTC_5f857.dir/CheckFunctionExists.c.o   -c /usr/share/cmake-3.10/Modules/CheckFunctionExists.c
Linking C executable cmTC_5f857
/usr/bin/cmake -E cmake_link_script CMakeFiles/cmTC_5f857.dir/link.txt --verbose=1
/usr/bin/cc  -DCHECK_FUNCTION_EXISTS=pthread_create    -rdynamic CMakeFiles/cmTC_5f857.dir/CheckFunctionExists.c.o  -o cmTC_5f857 -lpthreads 
/usr/bin/ld: -lpthreads が見つかりません
collect2: error: ld returned 1 exit status
CMakeFiles/cmTC_5f857.dir/build.make:97: recipe for target 'cmTC_5f857' failed
make[1]: *** [cmTC_5f857] Error 1
make[1]: ディレクトリ '/home/shoh/cubic_code/build/pwm/CMakeFiles/CMakeTmp' から出ます
Makefile:126: recipe for target 'cmTC_5f857/fast' failed
make: *** [cmTC_5f857/fast] Error 2


