[35m[1mScanning dependencies of target _pwm_generate_messages_check_deps_motor5[0m
[35m[1mScanning dependencies of target pwm[0m
[  2%] [32mBuilding CXX object CMakeFiles/pwm.dir/src/pwm.cpp.o[0m
[  2%] Built target _pwm_generate_messages_check_deps_motor5
[35m[1mScanning dependencies of target _pwm_generate_messages_check_deps_motor6[0m
[  2%] Built target _pwm_generate_messages_check_deps_motor6
[  2%] Built target std_msgs_generate_messages_lisp
[35m[1mScanning dependencies of target _pwm_generate_messages_check_deps_motor0[0m
[  2%] Built target _pwm_generate_messages_check_deps_motor0
[  2%] Built target _pwm_generate_messages_check_deps_pwm
[35m[1mScanning dependencies of target _pwm_generate_messages_check_deps_motor3[0m
[  2%] Built target _pwm_generate_messages_check_deps_motor3
[35m[1mScanning dependencies of target _pwm_generate_messages_check_deps_motor4[0m
[  2%] Built target _pwm_generate_messages_check_deps_motor4
[35m[1mScanning dependencies of target _pwm_generate_messages_check_deps_motor1[0m
[  2%] Built target _pwm_generate_messages_check_deps_motor1
[35m[1mScanning dependencies of target _pwm_generate_messages_check_deps_motor2[0m
[  2%] Built target _pwm_generate_messages_check_deps_motor2
[35m[1mScanning dependencies of target _pwm_generate_messages_check_deps_motor7[0m
[  2%] Built target _pwm_generate_messages_check_deps_motor7
[  2%] Built target std_msgs_generate_messages_py
[  2%] Built target std_msgs_generate_messages_nodejs
[  2%] Built target std_msgs_generate_messages_cpp
[  2%] Built target std_msgs_generate_messages_eus
[  4%] [34m[1mGenerating Lisp code from pwm/motor0.msg[0m
[  6%] [34m[1mGenerating Lisp code from pwm/motor3.msg[0m
[  8%] [34m[1mGenerating Lisp code from pwm/motor6.msg[0m
[ 10%] [34m[1mGenerating Lisp code from pwm/motor4.msg[0m
[ 12%] [34m[1mGenerating Lisp code from pwm/motor7.msg[0m
[ 14%] [34m[1mGenerating Lisp code from pwm/motor5.msg[0m
[ 16%] [34m[1mGenerating Lisp code from pwm/motor1.msg[0m
[ 18%] [34m[1mGenerating Lisp code from pwm/motor2.msg[0m
[ 20%] Built target pwm_generate_messages_lisp
[ 22%] [34m[1mGenerating Python from MSG pwm/motor0[0m
[ 24%] [34m[1mGenerating Python from MSG pwm/motor3[0m
[ 26%] [34m[1mGenerating Python from MSG pwm/motor6[0m
[ 28%] [34m[1mGenerating Python from MSG pwm/motor4[0m
[ 30%] [34m[1mGenerating Python from MSG pwm/motor7[0m
[ 32%] [34m[1mGenerating Python from MSG pwm/motor5[0m
[ 34%] [34m[1mGenerating Python from MSG pwm/motor1[0m
[ 36%] [34m[1mGenerating Python from MSG pwm/motor2[0m
[ 38%] [34m[1mGenerating Python msg __init__.py for pwm[0m
[ 40%] [32m[1mLinking CXX executable /home/shoh/cubic_code/devel/.private/pwm/lib/pwm/pwm[0m
[ 42%] Built target pwm_generate_messages_py
[ 44%] [34m[1mGenerating Javascript code from pwm/motor0.msg[0m
[ 46%] [34m[1mGenerating Javascript code from pwm/motor3.msg[0m
[ 48%] [34m[1mGenerating Javascript code from pwm/motor6.msg[0m
[ 48%] Built target pwm
[ 51%] [34m[1mGenerating C++ code from pwm/motor0.msg[0m
[ 53%] [34m[1mGenerating Javascript code from pwm/motor4.msg[0m
[ 55%] [34m[1mGenerating Javascript code from pwm/motor7.msg[0m
[ 57%] [34m[1mGenerating Javascript code from pwm/motor5.msg[0m
[ 59%] [34m[1mGenerating Javascript code from pwm/motor1.msg[0m
[ 61%] [34m[1mGenerating C++ code from pwm/motor3.msg[0m
[ 63%] [34m[1mGenerating Javascript code from pwm/motor2.msg[0m
[ 65%] Built target pwm_generate_messages_nodejs
[ 67%] [34m[1mGenerating EusLisp code from pwm/motor0.msg[0m
[ 69%] [34m[1mGenerating C++ code from pwm/motor6.msg[0m
[ 71%] [34m[1mGenerating EusLisp code from pwm/motor3.msg[0m
[ 73%] [34m[1mGenerating EusLisp code from pwm/motor6.msg[0m
[ 75%] [34m[1mGenerating C++ code from pwm/motor4.msg[0m
[ 77%] [34m[1mGenerating EusLisp code from pwm/motor4.msg[0m
[ 79%] [34m[1mGenerating EusLisp code from pwm/motor7.msg[0m
[ 81%] [34m[1mGenerating C++ code from pwm/motor7.msg[0m
[ 83%] [34m[1mGenerating EusLisp code from pwm/motor5.msg[0m
[ 85%] [34m[1mGenerating EusLisp code from pwm/motor1.msg[0m
[ 87%] [34m[1mGenerating C++ code from pwm/motor5.msg[0m
[ 89%] [34m[1mGenerating EusLisp code from pwm/motor2.msg[0m
[ 93%] Built target pwm_generate_messages_eus
[ 95%] [34m[1mGenerating C++ code from pwm/motor1.msg[0m
[ 97%] [34m[1mGenerating C++ code from pwm/motor2.msg[0m
[100%] Built target pwm_generate_messages_cpp
[100%] Built target pwm_generate_messages
