Linked: (/home/shoh/cubic_code/devel/.private/pwm/share/gennodejs/ros/pwm/_index.js, /home/shoh/cubic_code/devel/share/gennodejs/ros/pwm/_index.js)
Symlinking /home/shoh/cubic_code/devel/share/gennodejs/ros/pwm/msg/motor2.js
Symlinking /home/shoh/cubic_code/devel/share/gennodejs/ros/pwm/msg/motor6.js
Symlinking /home/shoh/cubic_code/devel/share/gennodejs/ros/pwm/msg/motor7.js
Symlinking /home/shoh/cubic_code/devel/share/gennodejs/ros/pwm/msg/motor0.js
Linked: (/home/shoh/cubic_code/devel/.private/pwm/share/gennodejs/ros/pwm/msg/pwm.js, /home/shoh/cubic_code/devel/share/gennodejs/ros/pwm/msg/pwm.js)
Symlinking /home/shoh/cubic_code/devel/share/gennodejs/ros/pwm/msg/motor5.js
Linked: (/home/shoh/cubic_code/devel/.private/pwm/share/gennodejs/ros/pwm/msg/_index.js, /home/shoh/cubic_code/devel/share/gennodejs/ros/pwm/msg/_index.js)
Symlinking /home/shoh/cubic_code/devel/share/gennodejs/ros/pwm/msg/motor4.js
Symlinking /home/shoh/cubic_code/devel/share/gennodejs/ros/pwm/msg/motor3.js
Symlinking /home/shoh/cubic_code/devel/share/gennodejs/ros/pwm/msg/motor1.js
Linked: (/home/shoh/cubic_code/devel/.private/pwm/share/roseus/ros/pwm/manifest.l, /home/shoh/cubic_code/devel/share/roseus/ros/pwm/manifest.l)
Linked: (/home/shoh/cubic_code/devel/.private/pwm/share/roseus/ros/pwm/msg/pwm.l, /home/shoh/cubic_code/devel/share/roseus/ros/pwm/msg/pwm.l)
Symlinking /home/shoh/cubic_code/devel/share/roseus/ros/pwm/msg/motor6.l
Symlinking /home/shoh/cubic_code/devel/share/roseus/ros/pwm/msg/motor1.l
Symlinking /home/shoh/cubic_code/devel/share/roseus/ros/pwm/msg/motor0.l
Symlinking /home/shoh/cubic_code/devel/share/roseus/ros/pwm/msg/motor7.l
Symlinking /home/shoh/cubic_code/devel/share/roseus/ros/pwm/msg/motor5.l
Symlinking /home/shoh/cubic_code/devel/share/roseus/ros/pwm/msg/motor2.l
Symlinking /home/shoh/cubic_code/devel/share/roseus/ros/pwm/msg/motor4.l
Symlinking /home/shoh/cubic_code/devel/share/roseus/ros/pwm/msg/motor3.l
Linked: (/home/shoh/cubic_code/devel/.private/pwm/share/pwm/cmake/pwm-msg-extras.cmake, /home/shoh/cubic_code/devel/share/pwm/cmake/pwm-msg-extras.cmake)
Linked: (/home/shoh/cubic_code/devel/.private/pwm/share/pwm/cmake/pwm-msg-paths.cmake, /home/shoh/cubic_code/devel/share/pwm/cmake/pwm-msg-paths.cmake)
Linked: (/home/shoh/cubic_code/devel/.private/pwm/share/pwm/cmake/pwmConfig.cmake, /home/shoh/cubic_code/devel/share/pwm/cmake/pwmConfig.cmake)
Linked: (/home/shoh/cubic_code/devel/.private/pwm/share/pwm/cmake/pwmConfig-version.cmake, /home/shoh/cubic_code/devel/share/pwm/cmake/pwmConfig-version.cmake)
Symlinking /home/shoh/cubic_code/devel/share/common-lisp/ros/pwm/msg/_package_motor3.lisp
Linked: (/home/shoh/cubic_code/devel/.private/pwm/share/common-lisp/ros/pwm/msg/pwm.lisp, /home/shoh/cubic_code/devel/share/common-lisp/ros/pwm/msg/pwm.lisp)
Symlinking /home/shoh/cubic_code/devel/share/common-lisp/ros/pwm/msg/motor3.lisp
Symlinking /home/shoh/cubic_code/devel/share/common-lisp/ros/pwm/msg/motor4.lisp
Symlinking /home/shoh/cubic_code/devel/share/common-lisp/ros/pwm/msg/motor7.lisp
Symlinking /home/shoh/cubic_code/devel/share/common-lisp/ros/pwm/msg/_package_motor6.lisp
Linked: (/home/shoh/cubic_code/devel/.private/pwm/share/common-lisp/ros/pwm/msg/_package.lisp, /home/shoh/cubic_code/devel/share/common-lisp/ros/pwm/msg/_package.lisp)
Symlinking /home/shoh/cubic_code/devel/share/common-lisp/ros/pwm/msg/_package_motor5.lisp
Symlinking /home/shoh/cubic_code/devel/share/common-lisp/ros/pwm/msg/_package_motor1.lisp
Symlinking /home/shoh/cubic_code/devel/share/common-lisp/ros/pwm/msg/_package_motor7.lisp
Symlinking /home/shoh/cubic_code/devel/share/common-lisp/ros/pwm/msg/motor0.lisp
Symlinking /home/shoh/cubic_code/devel/share/common-lisp/ros/pwm/msg/_package_motor0.lisp
Symlinking /home/shoh/cubic_code/devel/share/common-lisp/ros/pwm/msg/_package_motor4.lisp
Symlinking /home/shoh/cubic_code/devel/share/common-lisp/ros/pwm/msg/motor6.lisp
Symlinking /home/shoh/cubic_code/devel/share/common-lisp/ros/pwm/msg/motor1.lisp
Symlinking /home/shoh/cubic_code/devel/share/common-lisp/ros/pwm/msg/motor2.lisp
Linked: (/home/shoh/cubic_code/devel/.private/pwm/share/common-lisp/ros/pwm/msg/_package_pwm.lisp, /home/shoh/cubic_code/devel/share/common-lisp/ros/pwm/msg/_package_pwm.lisp)
Symlinking /home/shoh/cubic_code/devel/share/common-lisp/ros/pwm/msg/_package_motor2.lisp
Linked: (/home/shoh/cubic_code/devel/.private/pwm/share/common-lisp/ros/pwm/msg/pwm-msg.asd, /home/shoh/cubic_code/devel/share/common-lisp/ros/pwm/msg/pwm-msg.asd)
Symlinking /home/shoh/cubic_code/devel/share/common-lisp/ros/pwm/msg/motor5.lisp
Linked: (/home/shoh/cubic_code/devel/.private/pwm/lib/python2.7/dist-packages/pwm/__init__.py, /home/shoh/cubic_code/devel/lib/python2.7/dist-packages/pwm/__init__.py)
Symlinking /home/shoh/cubic_code/devel/lib/python2.7/dist-packages/pwm/msg/_motor6.py
Symlinking /home/shoh/cubic_code/devel/lib/python2.7/dist-packages/pwm/msg/_motor3.py
Linked: (/home/shoh/cubic_code/devel/.private/pwm/lib/python2.7/dist-packages/pwm/msg/__init__.py, /home/shoh/cubic_code/devel/lib/python2.7/dist-packages/pwm/msg/__init__.py)
Symlinking /home/shoh/cubic_code/devel/lib/python2.7/dist-packages/pwm/msg/_motor4.py
Symlinking /home/shoh/cubic_code/devel/lib/python2.7/dist-packages/pwm/msg/_motor2.py
Linked: (/home/shoh/cubic_code/devel/.private/pwm/lib/python2.7/dist-packages/pwm/msg/_pwm.py, /home/shoh/cubic_code/devel/lib/python2.7/dist-packages/pwm/msg/_pwm.py)
Symlinking /home/shoh/cubic_code/devel/lib/python2.7/dist-packages/pwm/msg/_motor1.py
Symlinking /home/shoh/cubic_code/devel/lib/python2.7/dist-packages/pwm/msg/_motor0.py
Symlinking /home/shoh/cubic_code/devel/lib/python2.7/dist-packages/pwm/msg/_motor5.py
Symlinking /home/shoh/cubic_code/devel/lib/python2.7/dist-packages/pwm/msg/_motor7.py
Linked: (/home/shoh/cubic_code/devel/.private/pwm/lib/pkgconfig/pwm.pc, /home/shoh/cubic_code/devel/lib/pkgconfig/pwm.pc)
Linked: (/home/shoh/cubic_code/devel/.private/pwm/lib/pwm/pwm, /home/shoh/cubic_code/devel/lib/pwm/pwm)
Symlinking /home/shoh/cubic_code/devel/include/pwm/motor2.h
Symlinking /home/shoh/cubic_code/devel/include/pwm/motor4.h
Linked: (/home/shoh/cubic_code/devel/.private/pwm/include/pwm/pwm.h, /home/shoh/cubic_code/devel/include/pwm/pwm.h)
Symlinking /home/shoh/cubic_code/devel/include/pwm/motor6.h
Symlinking /home/shoh/cubic_code/devel/include/pwm/motor5.h
Symlinking /home/shoh/cubic_code/devel/include/pwm/motor3.h
Symlinking /home/shoh/cubic_code/devel/include/pwm/motor7.h
Symlinking /home/shoh/cubic_code/devel/include/pwm/motor1.h
Symlinking /home/shoh/cubic_code/devel/include/pwm/motor0.h
