[35m[1mScanning dependencies of target pwm[0m
[ 11%] [32mBuilding CXX object CMakeFiles/pwm.dir/src/pwm.cpp.o[0m
[ 11%] Built target _pwm_generate_messages_check_deps_pwm
[ 11%] Built target std_msgs_generate_messages_nodejs
[ 11%] Built target std_msgs_generate_messages_cpp
[ 11%] Built target std_msgs_generate_messages_py
[ 11%] Built target std_msgs_generate_messages_eus
[ 11%] Built target std_msgs_generate_messages_lisp
[ 22%] [34m[1mGenerating Javascript code from pwm/pwm.msg[0m
[ 22%] Built target pwm_generate_messages_nodejs
[ 33%] [34m[1mGenerating C++ code from pwm/pwm.msg[0m
[ 33%] Built target pwm_generate_messages_cpp
[ 44%] [34m[1mGenerating Python from MSG pwm/pwm[0m
[ 55%] [34m[1mGenerating Python msg __init__.py for pwm[0m
[ 55%] Built target pwm_generate_messages_py
[ 66%] [34m[1mGenerating EusLisp code from pwm/pwm.msg[0m
[ 77%] Built target pwm_generate_messages_eus
[ 88%] [34m[1mGenerating Lisp code from pwm/pwm.msg[0m
[ 88%] Built target pwm_generate_messages_lisp
[ 88%] Built target pwm_generate_messages
[100%] [32m[1mLinking CXX executable /home/shoh/cubic_code/devel/.private/pwm/lib/pwm/pwm[0m
[100%] Built target pwm
